<?xml version="1.0" encoding="UTF-8"?>
<!-- Generated by org.testng.reporters.JUnitReportReporter -->
<testsuite hostname="LAPTOP-J9JF4OP3" failures="0" tests="1" name="testcases.verifysignup" time="10.482" errors="0" timestamp="2022-04-15T00:05:22 IST" skipped="0">
  <testcase classname="testcases.verifysignup" name="signupData" time="10.482"/>
  <system-out/>
</testsuite> <!-- testcases.verifysignup -->
