<?xml version="1.0" encoding="UTF-8"?>
<!-- Generated by org.testng.reporters.JUnitReportReporter -->
<testsuite hostname="LAPTOP-J9JF4OP3" failures="0" tests="1" name="testcases.verifiysignin" time="6.336" errors="0" timestamp="2022-04-14T23:49:46 IST" skipped="0">
  <testcase classname="testcases.verifiysignin" name="enterCredientials" time="6.336"/>
  <system-out/>
</testsuite> <!-- testcases.verifiysignin -->
